<?xml version="1.0" encoding="UTF-8"?>
<testng-results ignored="0" total="2" passed="0" failed="2" skipped="0">
  <reporter-output>
  </reporter-output>
  <suite started-at="2021-11-19T23:59:06 IST" name="Default suite" finished-at="2021-11-20T00:00:01 IST" duration-ms="54834">
    <groups>
    </groups>
    <test started-at="2021-11-19T23:59:06 IST" name="Default test" finished-at="2021-11-20T00:00:01 IST" duration-ms="54834">
      <class name="com.makemytrip.test.RountTripBookingTest">
        <test-method is-config="true" signature="initDriver()[pri:0, instance:com.makemytrip.test.RountTripBookingTest@346d61be]" started-at="2021-11-19T23:59:06 IST" name="initDriver" finished-at="2021-11-19T23:59:54 IST" duration-ms="47285" status="PASS">
          <reporter-output>
          </reporter-output>
        </test-method> <!-- initDriver -->
        <test-method signature="login()[pri:1, instance:com.makemytrip.test.RountTripBookingTest@346d61be]" started-at="2021-11-19T23:59:54 IST" name="login" finished-at="2021-11-19T23:59:55 IST" duration-ms="1111" status="FAIL">
          <exception class="org.openqa.selenium.SessionNotCreatedException">
            <message>
              <![CDATA[session not created: No matching capabilities found
Build info: version: '3.141.59', revision: 'e82be7d358', time: '2018-11-14T08:17:03'
System info: host: 'LAPTOP-JNVFOM23', ip: '192.168.1.108', os.name: 'Windows 10', os.arch: 'amd64', os.version: '10.0', java.version: '11.0.13'
Driver info: driver.version: FrameworkDriver
remote stacktrace: Backtrace:
GetHandleVerifier [0x0082B963+483]
GetHandleVerifier [0x0082B941+449]
GetHandleVerifier [0x00BD3308+3832712]
GetHandleVerifier [0x00C0DC39+4072633]
GetHandleVerifier [0x00C0D5BE+4070974]
GetHandleVerifier [0x00C0E6BB+4075323]
GetHandleVerifier [0x00C0E56C+4074988]
GetHandleVerifier [0x00C0B2EB+4062059]
GetHandleVerifier [0x00BEED14+3945876]
GetHandleVerifier [0x00BEFBCE+3949646]
GetHandleVerifier [0x00BEFB59+3949529]
Ordinal0 [0x007EB5CC+46540]
Ordinal0 [0x007E9F53+40787]
Ordinal0 [0x007E9B12+39698]
GetHandleVerifier [0x00AF1468+2907368]
GetHandleVerifier [0x009371EE+1096302]
GetHandleVerifier [0x008F3E8D+821005]
GetHandleVerifier [0x008F396B+819691]
GetHandleVerifier [0x008F3881+819457]
GetHandleVerifier [0x0091F463+998627]
BaseThreadInitThunk [0x75A9FA29+25]
RtlGetAppContainerNamedObjectPath [0x77B57A9E+286]
RtlGetAppContainerNamedObjectPath [0x77B57A6E+238]
]]>
            </message>
            <full-stacktrace>
              <![CDATA[org.openqa.selenium.SessionNotCreatedException: session not created: No matching capabilities found
Build info: version: '3.141.59', revision: 'e82be7d358', time: '2018-11-14T08:17:03'
System info: host: 'LAPTOP-JNVFOM23', ip: '192.168.1.108', os.name: 'Windows 10', os.arch: 'amd64', os.version: '10.0', java.version: '11.0.13'
Driver info: driver.version: FrameworkDriver
remote stacktrace: Backtrace:
GetHandleVerifier [0x0082B963+483]
GetHandleVerifier [0x0082B941+449]
GetHandleVerifier [0x00BD3308+3832712]
GetHandleVerifier [0x00C0DC39+4072633]
GetHandleVerifier [0x00C0D5BE+4070974]
GetHandleVerifier [0x00C0E6BB+4075323]
GetHandleVerifier [0x00C0E56C+4074988]
GetHandleVerifier [0x00C0B2EB+4062059]
GetHandleVerifier [0x00BEED14+3945876]
GetHandleVerifier [0x00BEFBCE+3949646]
GetHandleVerifier [0x00BEFB59+3949529]
Ordinal0 [0x007EB5CC+46540]
Ordinal0 [0x007E9F53+40787]
Ordinal0 [0x007E9B12+39698]
GetHandleVerifier [0x00AF1468+2907368]
GetHandleVerifier [0x009371EE+1096302]
GetHandleVerifier [0x008F3E8D+821005]
GetHandleVerifier [0x008F396B+819691]
GetHandleVerifier [0x008F3881+819457]
GetHandleVerifier [0x0091F463+998627]
BaseThreadInitThunk [0x75A9FA29+25]
RtlGetAppContainerNamedObjectPath [0x77B57A9E+286]
RtlGetAppContainerNamedObjectPath [0x77B57A6E+238]

at java.base/jdk.internal.reflect.NativeConstructorAccessorImpl.newInstance0(Native Method)
at java.base/jdk.internal.reflect.NativeConstructorAccessorImpl.newInstance(NativeConstructorAccessorImpl.java:62)
at java.base/jdk.internal.reflect.DelegatingConstructorAccessorImpl.newInstance(DelegatingConstructorAccessorImpl.java:45)
at java.base/java.lang.reflect.Constructor.newInstance(Constructor.java:490)
at org.openqa.selenium.remote.W3CHandshakeResponse.lambda$errorHandler$0(W3CHandshakeResponse.java:62)
at org.openqa.selenium.remote.HandshakeResponse.lambda$getResponseFunction$0(HandshakeResponse.java:30)
at org.openqa.selenium.remote.ProtocolHandshake.lambda$createSession$0(ProtocolHandshake.java:126)
at java.base/java.util.stream.ReferencePipeline$3$1.accept(ReferencePipeline.java:195)
at java.base/java.util.Spliterators$ArraySpliterator.tryAdvance(Spliterators.java:958)
at java.base/java.util.stream.ReferencePipeline.forEachWithCancel(ReferencePipeline.java:127)
at java.base/java.util.stream.AbstractPipeline.copyIntoWithCancel(AbstractPipeline.java:502)
at java.base/java.util.stream.AbstractPipeline.copyInto(AbstractPipeline.java:488)
at java.base/java.util.stream.AbstractPipeline.wrapAndCopyInto(AbstractPipeline.java:474)
at java.base/java.util.stream.FindOps$FindOp.evaluateSequential(FindOps.java:150)
at java.base/java.util.stream.AbstractPipeline.evaluate(AbstractPipeline.java:234)
at java.base/java.util.stream.ReferencePipeline.findFirst(ReferencePipeline.java:543)
at org.openqa.selenium.remote.ProtocolHandshake.createSession(ProtocolHandshake.java:128)
at org.openqa.selenium.remote.ProtocolHandshake.createSession(ProtocolHandshake.java:74)
at org.openqa.selenium.remote.HttpCommandExecutor.execute(HttpCommandExecutor.java:136)
at org.openqa.selenium.remote.service.DriverCommandExecutor.execute(DriverCommandExecutor.java:83)
at org.openqa.selenium.remote.RemoteWebDriver.execute(RemoteWebDriver.java:552)
at org.openqa.selenium.remote.RemoteWebDriver.startSession(RemoteWebDriver.java:213)
at org.openqa.selenium.remote.RemoteWebDriver.<init>(RemoteWebDriver.java:131)
at org.openqa.selenium.firefox.FirefoxDriver.<init>(FirefoxDriver.java:147)
at org.openqa.selenium.firefox.FirefoxDriver.<init>(FirefoxDriver.java:125)
at com.swaglab.utility.FrameworkDriver.<init>(FrameworkDriver.java:27)
at com.swaglab.utility.FrameworkDriver.getWebDriver(FrameworkDriver.java:37)
at com.makemytrip.pages.Login.loginToApplication(Login.java:39)
at com.makemytrip.test.RountTripBookingTest.login(RountTripBookingTest.java:44)
at java.base/jdk.internal.reflect.NativeMethodAccessorImpl.invoke0(Native Method)
at java.base/jdk.internal.reflect.NativeMethodAccessorImpl.invoke(NativeMethodAccessorImpl.java:62)
at java.base/jdk.internal.reflect.DelegatingMethodAccessorImpl.invoke(DelegatingMethodAccessorImpl.java:43)
at java.base/java.lang.reflect.Method.invoke(Method.java:566)
at org.testng.internal.MethodInvocationHelper.invokeMethod(MethodInvocationHelper.java:132)
at org.testng.internal.TestInvoker.invokeMethod(TestInvoker.java:599)
at org.testng.internal.TestInvoker.invokeTestMethod(TestInvoker.java:174)
at org.testng.internal.MethodRunner.runInSequence(MethodRunner.java:46)
at org.testng.internal.TestInvoker$MethodInvocationAgent.invoke(TestInvoker.java:822)
at org.testng.internal.TestInvoker.invokeTestMethods(TestInvoker.java:147)
at org.testng.internal.TestMethodWorker.invokeTestMethods(TestMethodWorker.java:146)
at org.testng.internal.TestMethodWorker.run(TestMethodWorker.java:128)
at java.base/java.util.ArrayList.forEach(ArrayList.java:1541)
at org.testng.TestRunner.privateRun(TestRunner.java:764)
at org.testng.TestRunner.run(TestRunner.java:585)
at org.testng.SuiteRunner.runTest(SuiteRunner.java:384)
at org.testng.SuiteRunner.runSequentially(SuiteRunner.java:378)
at org.testng.SuiteRunner.privateRun(SuiteRunner.java:337)
at org.testng.SuiteRunner.run(SuiteRunner.java:286)
at org.testng.SuiteRunnerWorker.runSuite(SuiteRunnerWorker.java:53)
at org.testng.SuiteRunnerWorker.run(SuiteRunnerWorker.java:96)
at org.testng.TestNG.runSuitesSequentially(TestNG.java:1218)
at org.testng.TestNG.runSuitesLocally(TestNG.java:1140)
at org.testng.TestNG.runSuites(TestNG.java:1069)
at org.testng.TestNG.run(TestNG.java:1037)
at org.testng.remote.AbstractRemoteTestNG.run(AbstractRemoteTestNG.java:115)
at org.testng.remote.RemoteTestNG.initAndRun(RemoteTestNG.java:251)
at org.testng.remote.RemoteTestNG.main(RemoteTestNG.java:77)
]]>
            </full-stacktrace>
          </exception> <!-- org.openqa.selenium.SessionNotCreatedException -->
          <reporter-output>
          </reporter-output>
        </test-method> <!-- login -->
        <test-method signature="bookFlighTicket()[pri:2, instance:com.makemytrip.test.RountTripBookingTest@346d61be]" started-at="2021-11-19T23:59:55 IST" name="bookFlighTicket" finished-at="2021-11-19T23:59:55 IST" duration-ms="551" status="FAIL">
          <exception class="org.openqa.selenium.SessionNotCreatedException">
            <message>
              <![CDATA[session not created: No matching capabilities found
Build info: version: '3.141.59', revision: 'e82be7d358', time: '2018-11-14T08:17:03'
System info: host: 'LAPTOP-JNVFOM23', ip: '192.168.1.108', os.name: 'Windows 10', os.arch: 'amd64', os.version: '10.0', java.version: '11.0.13'
Driver info: driver.version: FrameworkDriver
remote stacktrace: Backtrace:
GetHandleVerifier [0x0082B963+483]
GetHandleVerifier [0x0082B941+449]
GetHandleVerifier [0x00BD3308+3832712]
GetHandleVerifier [0x00C0DC39+4072633]
GetHandleVerifier [0x00C0D5BE+4070974]
GetHandleVerifier [0x00C0E6BB+4075323]
GetHandleVerifier [0x00C0E56C+4074988]
GetHandleVerifier [0x00C0B2EB+4062059]
GetHandleVerifier [0x00BEED14+3945876]
GetHandleVerifier [0x00BEFBCE+3949646]
GetHandleVerifier [0x00BEFB59+3949529]
Ordinal0 [0x007EB5CC+46540]
Ordinal0 [0x007E9F53+40787]
Ordinal0 [0x007E9B12+39698]
GetHandleVerifier [0x00AF1468+2907368]
GetHandleVerifier [0x009371EE+1096302]
GetHandleVerifier [0x008F3E8D+821005]
GetHandleVerifier [0x008F396B+819691]
GetHandleVerifier [0x008F3881+819457]
GetHandleVerifier [0x0091F463+998627]
BaseThreadInitThunk [0x75A9FA29+25]
RtlGetAppContainerNamedObjectPath [0x77B57A9E+286]
RtlGetAppContainerNamedObjectPath [0x77B57A6E+238]
]]>
            </message>
            <full-stacktrace>
              <![CDATA[org.openqa.selenium.SessionNotCreatedException: session not created: No matching capabilities found
Build info: version: '3.141.59', revision: 'e82be7d358', time: '2018-11-14T08:17:03'
System info: host: 'LAPTOP-JNVFOM23', ip: '192.168.1.108', os.name: 'Windows 10', os.arch: 'amd64', os.version: '10.0', java.version: '11.0.13'
Driver info: driver.version: FrameworkDriver
remote stacktrace: Backtrace:
GetHandleVerifier [0x0082B963+483]
GetHandleVerifier [0x0082B941+449]
GetHandleVerifier [0x00BD3308+3832712]
GetHandleVerifier [0x00C0DC39+4072633]
GetHandleVerifier [0x00C0D5BE+4070974]
GetHandleVerifier [0x00C0E6BB+4075323]
GetHandleVerifier [0x00C0E56C+4074988]
GetHandleVerifier [0x00C0B2EB+4062059]
GetHandleVerifier [0x00BEED14+3945876]
GetHandleVerifier [0x00BEFBCE+3949646]
GetHandleVerifier [0x00BEFB59+3949529]
Ordinal0 [0x007EB5CC+46540]
Ordinal0 [0x007E9F53+40787]
Ordinal0 [0x007E9B12+39698]
GetHandleVerifier [0x00AF1468+2907368]
GetHandleVerifier [0x009371EE+1096302]
GetHandleVerifier [0x008F3E8D+821005]
GetHandleVerifier [0x008F396B+819691]
GetHandleVerifier [0x008F3881+819457]
GetHandleVerifier [0x0091F463+998627]
BaseThreadInitThunk [0x75A9FA29+25]
RtlGetAppContainerNamedObjectPath [0x77B57A9E+286]
RtlGetAppContainerNamedObjectPath [0x77B57A6E+238]

at java.base/jdk.internal.reflect.NativeConstructorAccessorImpl.newInstance0(Native Method)
at java.base/jdk.internal.reflect.NativeConstructorAccessorImpl.newInstance(NativeConstructorAccessorImpl.java:62)
at java.base/jdk.internal.reflect.DelegatingConstructorAccessorImpl.newInstance(DelegatingConstructorAccessorImpl.java:45)
at java.base/java.lang.reflect.Constructor.newInstance(Constructor.java:490)
at org.openqa.selenium.remote.W3CHandshakeResponse.lambda$errorHandler$0(W3CHandshakeResponse.java:62)
at org.openqa.selenium.remote.HandshakeResponse.lambda$getResponseFunction$0(HandshakeResponse.java:30)
at org.openqa.selenium.remote.ProtocolHandshake.lambda$createSession$0(ProtocolHandshake.java:126)
at java.base/java.util.stream.ReferencePipeline$3$1.accept(ReferencePipeline.java:195)
at java.base/java.util.Spliterators$ArraySpliterator.tryAdvance(Spliterators.java:958)
at java.base/java.util.stream.ReferencePipeline.forEachWithCancel(ReferencePipeline.java:127)
at java.base/java.util.stream.AbstractPipeline.copyIntoWithCancel(AbstractPipeline.java:502)
at java.base/java.util.stream.AbstractPipeline.copyInto(AbstractPipeline.java:488)
at java.base/java.util.stream.AbstractPipeline.wrapAndCopyInto(AbstractPipeline.java:474)
at java.base/java.util.stream.FindOps$FindOp.evaluateSequential(FindOps.java:150)
at java.base/java.util.stream.AbstractPipeline.evaluate(AbstractPipeline.java:234)
at java.base/java.util.stream.ReferencePipeline.findFirst(ReferencePipeline.java:543)
at org.openqa.selenium.remote.ProtocolHandshake.createSession(ProtocolHandshake.java:128)
at org.openqa.selenium.remote.ProtocolHandshake.createSession(ProtocolHandshake.java:74)
at org.openqa.selenium.remote.HttpCommandExecutor.execute(HttpCommandExecutor.java:136)
at org.openqa.selenium.remote.service.DriverCommandExecutor.execute(DriverCommandExecutor.java:83)
at org.openqa.selenium.remote.RemoteWebDriver.execute(RemoteWebDriver.java:552)
at org.openqa.selenium.remote.RemoteWebDriver.startSession(RemoteWebDriver.java:213)
at org.openqa.selenium.remote.RemoteWebDriver.<init>(RemoteWebDriver.java:131)
at org.openqa.selenium.firefox.FirefoxDriver.<init>(FirefoxDriver.java:147)
at org.openqa.selenium.firefox.FirefoxDriver.<init>(FirefoxDriver.java:125)
at com.swaglab.utility.FrameworkDriver.<init>(FrameworkDriver.java:27)
at com.swaglab.utility.FrameworkDriver.getWebDriver(FrameworkDriver.java:37)
at com.makemytrip.pages.FlightSelection.bookTicketNow(FlightSelection.java:39)
at com.makemytrip.test.RountTripBookingTest.bookFlighTicket(RountTripBookingTest.java:55)
at java.base/jdk.internal.reflect.NativeMethodAccessorImpl.invoke0(Native Method)
at java.base/jdk.internal.reflect.NativeMethodAccessorImpl.invoke(NativeMethodAccessorImpl.java:62)
at java.base/jdk.internal.reflect.DelegatingMethodAccessorImpl.invoke(DelegatingMethodAccessorImpl.java:43)
at java.base/java.lang.reflect.Method.invoke(Method.java:566)
at org.testng.internal.MethodInvocationHelper.invokeMethod(MethodInvocationHelper.java:132)
at org.testng.internal.TestInvoker.invokeMethod(TestInvoker.java:599)
at org.testng.internal.TestInvoker.invokeTestMethod(TestInvoker.java:174)
at org.testng.internal.MethodRunner.runInSequence(MethodRunner.java:46)
at org.testng.internal.TestInvoker$MethodInvocationAgent.invoke(TestInvoker.java:822)
at org.testng.internal.TestInvoker.invokeTestMethods(TestInvoker.java:147)
at org.testng.internal.TestMethodWorker.invokeTestMethods(TestMethodWorker.java:146)
at org.testng.internal.TestMethodWorker.run(TestMethodWorker.java:128)
at java.base/java.util.ArrayList.forEach(ArrayList.java:1541)
at org.testng.TestRunner.privateRun(TestRunner.java:764)
at org.testng.TestRunner.run(TestRunner.java:585)
at org.testng.SuiteRunner.runTest(SuiteRunner.java:384)
at org.testng.SuiteRunner.runSequentially(SuiteRunner.java:378)
at org.testng.SuiteRunner.privateRun(SuiteRunner.java:337)
at org.testng.SuiteRunner.run(SuiteRunner.java:286)
at org.testng.SuiteRunnerWorker.runSuite(SuiteRunnerWorker.java:53)
at org.testng.SuiteRunnerWorker.run(SuiteRunnerWorker.java:96)
at org.testng.TestNG.runSuitesSequentially(TestNG.java:1218)
at org.testng.TestNG.runSuitesLocally(TestNG.java:1140)
at org.testng.TestNG.runSuites(TestNG.java:1069)
at org.testng.TestNG.run(TestNG.java:1037)
at org.testng.remote.AbstractRemoteTestNG.run(AbstractRemoteTestNG.java:115)
at org.testng.remote.RemoteTestNG.initAndRun(RemoteTestNG.java:251)
at org.testng.remote.RemoteTestNG.main(RemoteTestNG.java:77)
]]>
            </full-stacktrace>
          </exception> <!-- org.openqa.selenium.SessionNotCreatedException -->
          <reporter-output>
          </reporter-output>
        </test-method> <!-- bookFlighTicket -->
        <test-method is-config="true" signature="tearDown()[pri:0, instance:com.makemytrip.test.RountTripBookingTest@346d61be]" started-at="2021-11-19T23:59:55 IST" name="tearDown" finished-at="2021-11-20T00:00:01 IST" duration-ms="5825" status="PASS">
          <reporter-output>
          </reporter-output>
        </test-method> <!-- tearDown -->
      </class> <!-- com.makemytrip.test.RountTripBookingTest -->
    </test> <!-- Default test -->
  </suite> <!-- Default suite -->
</testng-results>
